<?xml version="1.0" encoding="UTF-8"?>
<testsuite name="org.example.DijkstraAlgorithmTest" tests="3" skipped="0" failures="0" errors="0" timestamp="2025-12-11T17:28:38.129Z" hostname="ANILL1Y" time="0.015">
  <properties/>
  <testcase name="testGetClosestVertex()" classname="org.example.DijkstraAlgorithmTest" time="0.011"/>
  <testcase name="testDijkstra()" classname="org.example.DijkstraAlgorithmTest" time="0.001"/>
  <testcase name="testNoPath()" classname="org.example.DijkstraAlgorithmTest" time="0.001"/>
  <system-out><![CDATA[]]></system-out>
  <system-err><![CDATA[]]></system-err>
</testsuite>
